Arguments: 
  C:\Program Files\nodejs\node.exe C:\Users\SoulJahN2\.yarn\releases\yarn-1.22.5.js

PATH: 
  C:\Users\SoulJahN2\AppData\Roaming\npm-cache\_npx\10756;C:\Program Files (x86)\Common Files\Oracle\Java\javapath;C:\Windows\system32;C:\Windows;C:\Windows\System32\Wbem;C:\Windows\System32\WindowsPowerShell\v1.0\;C:\Windows\System32\WindowsPowerShell\v1.0\;C:\Windows\System32\WindowsPowerShell\v1.0\;C:\Users\SoulJahN2\AppData\Local\Android\Sdk\platform-tools;C:\Program Files\nodejs\;C:\Windows\System32\WindowsPowerShell\v1.0\;C:\Program Files (x86)\Yarn\bin\;C:\Program Files\Git\cmd;C:\ProgramData\chocolatey\bin;;C:\Program Files\Git LFS;C:\Program Files (x86)\WinMerge;C:\Program Files\dotnet\;C:\PROGRA~1\CONDUS~1\DymaxIO\;C:\Program Files\Condusiv Technologies\Diskeeper\TCE\;C:\PROGRA~1\CONDUS~1\DISKEE~1\;C:\Users\SoulJahN2\AppData\Local\Programs\Python\Python38-32\Scripts\;C:\Users\SoulJahN2\AppData\Local\Programs\Python\Python38-32\;C:\src\flutter\bin;C:\Users\SoulJahN2\AppData\Roaming\npm;C:\Program Files\heroku\bin;C:\Users\SoulJahN2\AppData\Local\Yarn\bin;C:\Program Files\ffmpeg\bin;C:\Users\SoulJahN2\AppData\Local\GitHubDesktop\bin;C:\Users\SoulJahN2\.dotnet\tools;E:\Markdown Monster

Yarn version: 
  1.22.5

Node version: 
  12.18.0

Platform: 
  win32 x64

Trace: 
  SyntaxError: C:\Users\SoulJahN2\AppData\Local\Yarn\Cache\v6\npm-postcss-reduce-transforms-4.0.2-17efa405eacc6e07be3414a5ca2d1074681d4e29-integrity\node_modules\postcss-reduce-transforms\.yarn-metadata.json: Unexpected end of JSON input
      at JSON.parse (<anonymous>)
      at C:\Users\SoulJahN2\.yarn\releases\yarn-1.22.5.js:1098:57
      at Generator.next (<anonymous>)
      at step (C:\Users\SoulJahN2\.yarn\releases\yarn-1.22.5.js:310:30)
      at C:\Users\SoulJahN2\.yarn\releases\yarn-1.22.5.js:321:13

npm manifest: 
  {
    "name": "blog",
    "version": "0.0.0",
    "private": true,
    "scripts": {
      "docusaurus": "docusaurus",
      "start": "docusaurus start",
      "build": "docusaurus build",
      "swizzle": "docusaurus swizzle",
      "deploy": "docusaurus deploy",
      "serve": "docusaurus serve"
    },
    "dependencies": {
      "@docusaurus/core": "2.0.0-alpha.63",
      "@docusaurus/preset-classic": "2.0.0-alpha.63",
      "@mdx-js/react": "^1.5.8",
      "clsx": "^1.1.1",
      "react": "^16.8.4",
      "react-dom": "^16.8.4"
    },
    "browserslist": {
      "production": [
        ">0.2%",
        "not dead",
        "not op_mini all"
      ],
      "development": [
        "last 1 chrome version",
        "last 1 firefox version",
        "last 1 safari version"
      ]
    }
  }

yarn manifest: 
  No manifest

Lockfile: 
  No lockfile
